2016/12/27 15:16:05 にビルドを開始しました。
     1>ノード 2 上のプロジェクト "C:\Users\0133752\Documents\Visual Studio 2013\Projects\VideoWriter\VideoWriter\VideoWriter.vcxproj" (Build ターゲット)。
     1>ClCompile:
         C:\Program Files (x86)\Microsoft Visual Studio 12.0\VC\bin\CL.exe /c /IC:\opencv\build\include /ZI /nologo /W3 /WX- /sdl /Od /Oy- /D WIN32 /D _DEBUG /D _CONSOLE /D _LIB /D _UNICODE /D UNICODE /Gm /EHsc /RTC1 /MDd /GS /fp:precise /Zc:wchar_t /Zc:forScope /Fo"Debug\\" /Fd"Debug\vc120.pdb" /Gd /TP /analyze- /errorReport:prompt Source.cpp
         Source.cpp
     1>c:\opencv\build\include\opencv2\core\mat.hpp(1965): warning C4819: ファイルは、現在のコード ページ (932) で表示できない文字を含んでいます。データの損失を防ぐために、ファイルを Unicode 形式で保存してください。
     1>c:\opencv\build\include\opencv2\core\persistence.hpp : warning C4819: ファイルは、現在のコード ページ (932) で表示できない文字を含んでいます。データの損失を防ぐために、ファイルを Unicode 形式で保存してください。
     1>c:\opencv\build\include\opencv2\core\utility.hpp : warning C4819: ファイルは、現在のコード ページ (932) で表示できない文字を含んでいます。データの損失を防ぐために、ファイルを Unicode 形式で保存してください。
     1>c:\users\0133752\documents\visual studio 2013\projects\videowriter\videowriter\source.cpp(20): error C2065: 'VideoWriter' : 定義されていない識別子です。
     1>c:\users\0133752\documents\visual studio 2013\projects\videowriter\videowriter\source.cpp(20): error C2146: 構文エラー : ';' が、識別子 'writer' の前に必要です。
     1>c:\users\0133752\documents\visual studio 2013\projects\videowriter\videowriter\source.cpp(20): error C3083: 'VideoWriter': '::' の左側のシンボルには、型を指定しなければなりません
     1>c:\users\0133752\documents\visual studio 2013\projects\videowriter\videowriter\source.cpp(20): error C2039: 'fourcc' : 'cv' のメンバーではありません。
     1>c:\users\0133752\documents\visual studio 2013\projects\videowriter\videowriter\source.cpp(20): error C3861: 'writer': 識別子が見つかりませんでした
     1>c:\users\0133752\documents\visual studio 2013\projects\videowriter\videowriter\source.cpp(20): error C3861: 'fourcc': 識別子が見つかりませんでした
     1>c:\users\0133752\documents\visual studio 2013\projects\videowriter\videowriter\source.cpp(21): error C2065: 'writer' : 定義されていない識別子です。
     1>c:\users\0133752\documents\visual studio 2013\projects\videowriter\videowriter\source.cpp(21): error C2228: '.isOpened' の左側はクラス、構造体、共用体でなければなりません
                 型は 'unknown-type' です。
     1>c:\users\0133752\documents\visual studio 2013\projects\videowriter\videowriter\source.cpp(30): error C3861: 'imread': 識別子が見つかりませんでした
     1>c:\users\0133752\documents\visual studio 2013\projects\videowriter\videowriter\source.cpp(37): error C2065: 'writer' : 定義されていない識別子です。
     1>プロジェクト "C:\Users\0133752\Documents\Visual Studio 2013\Projects\VideoWriter\VideoWriter\VideoWriter.vcxproj" (Build ターゲット) のビルドが終了しました -- 失敗。

ビルドに失敗しました。

経過時間 00:00:00.72
